2020-09-15 17:54:29,609 INFO [Test worker] o.s.b.t.c.SpringBootTestContextBootstrapper [AbstractTestContextBootstrapper.java:308] Neither @ContextConfiguration nor @ContextHierarchy found for test class [org.dell.kube.pagesapi.HomeApiTest], using SpringBootContextLoader
2020-09-15 17:54:29,618 INFO [Test worker] o.s.t.c.s.AbstractContextLoader [AbstractContextLoader.java:264] Could not detect default resource locations for test class [org.dell.kube.pagesapi.HomeApiTest]: no resource found for suffixes {-context.xml, Context.groovy}.
2020-09-15 17:54:29,779 INFO [Test worker] o.s.b.t.c.SpringBootTestContextBootstrapper [AbstractTestContextBootstrapper.java:248] Loaded default TestExecutionListener class names from location [META-INF/spring.factories]: [org.springframework.boot.test.autoconfigure.restdocs.RestDocsTestExecutionListener, org.springframework.boot.test.autoconfigure.web.client.MockRestServiceServerResetTestExecutionListener, org.springframework.boot.test.autoconfigure.web.servlet.MockMvcPrintOnlyOnFailureTestExecutionListener, org.springframework.boot.test.autoconfigure.web.servlet.WebDriverTestExecutionListener, org.springframework.boot.test.autoconfigure.webservices.client.MockWebServiceServerTestExecutionListener, org.springframework.boot.test.mock.mockito.MockitoTestExecutionListener, org.springframework.boot.test.mock.mockito.ResetMocksTestExecutionListener, org.springframework.test.context.web.ServletTestExecutionListener, org.springframework.test.context.support.DirtiesContextBeforeModesTestExecutionListener, org.springframework.test.context.support.DependencyInjectionTestExecutionListener, org.springframework.test.context.support.DirtiesContextTestExecutionListener, org.springframework.test.context.transaction.TransactionalTestExecutionListener, org.springframework.test.context.jdbc.SqlScriptsTestExecutionListener, org.springframework.test.context.event.EventPublishingTestExecutionListener]
2020-09-15 17:54:29,793 INFO [Test worker] o.s.b.t.c.SpringBootTestContextBootstrapper [AbstractTestContextBootstrapper.java:177] Using TestExecutionListeners: [org.springframework.test.context.web.ServletTestExecutionListener@3bbe9e42, org.springframework.test.context.support.DirtiesContextBeforeModesTestExecutionListener@9f5d7a, org.springframework.boot.test.mock.mockito.MockitoTestExecutionListener@6bdbc6a5, org.springframework.boot.test.autoconfigure.SpringBootDependencyInjectionTestExecutionListener@7eaea9d9, org.springframework.test.context.support.DirtiesContextTestExecutionListener@312d64c0, org.springframework.test.context.transaction.TransactionalTestExecutionListener@4b238b12, org.springframework.test.context.jdbc.SqlScriptsTestExecutionListener@7e78923d, org.springframework.test.context.event.EventPublishingTestExecutionListener@75931c4a, org.springframework.boot.test.autoconfigure.restdocs.RestDocsTestExecutionListener@2f427d5c, org.springframework.boot.test.autoconfigure.web.client.MockRestServiceServerResetTestExecutionListener@78ee08bd, org.springframework.boot.test.autoconfigure.web.servlet.MockMvcPrintOnlyOnFailureTestExecutionListener@42bd94e7, org.springframework.boot.test.autoconfigure.web.servlet.WebDriverTestExecutionListener@2f21b1b6, org.springframework.boot.test.autoconfigure.webservices.client.MockWebServiceServerTestExecutionListener@13358193, org.springframework.boot.test.mock.mockito.ResetMocksTestExecutionListener@1b96d8a8]
2020-09-15 17:54:30,173 INFO [Test worker] o.d.k.p.HomeApiTest [StartupInfoLogger.java:55] Starting HomeApiTest on lin01 with PID 16844 (started by student in /home/student/workspace/pages)
2020-09-15 17:54:30,175 INFO [Test worker] o.d.k.p.HomeApiTest [SpringApplication.java:651] No active profile set, falling back to default profiles: default
2020-09-15 17:54:31,982 INFO [Test worker] o.s.b.w.e.t.TomcatWebServer [TomcatWebServer.java:108] Tomcat initialized with port(s): 0 (http)
2020-09-15 17:54:31,997 INFO [Test worker] o.a.c.h.Http11NioProtocol [DirectJDKLog.java:173] Initializing ProtocolHandler ["http-nio-auto-1"]
2020-09-15 17:54:31,998 INFO [Test worker] o.a.c.c.StandardService [DirectJDKLog.java:173] Starting service [Tomcat]
2020-09-15 17:54:32,001 INFO [Test worker] o.a.c.c.StandardEngine [DirectJDKLog.java:173] Starting Servlet engine: [Apache Tomcat/9.0.36]
2020-09-15 17:54:32,094 INFO [Test worker] o.a.c.c.C.[.[.[/] [DirectJDKLog.java:173] Initializing Spring embedded WebApplicationContext
2020-09-15 17:54:32,095 INFO [Test worker] o.s.b.w.s.c.ServletWebServerApplicationContext [ServletWebServerApplicationContext.java:285] Root WebApplicationContext: initialization completed in 1901 ms
2020-09-15 17:54:32,653 INFO [Test worker] o.s.s.c.ThreadPoolTaskExecutor [ExecutorConfigurationSupport.java:181] Initializing ExecutorService 'applicationTaskExecutor'
2020-09-15 17:54:33,148 INFO [Test worker] o.s.b.a.e.w.EndpointLinksResolver [EndpointLinksResolver.java:58] Exposing 2 endpoint(s) beneath base path '/actuator'
2020-09-15 17:54:33,208 INFO [Test worker] o.a.c.h.Http11NioProtocol [DirectJDKLog.java:173] Starting ProtocolHandler ["http-nio-auto-1"]
2020-09-15 17:54:33,239 INFO [Test worker] o.s.b.w.e.t.TomcatWebServer [TomcatWebServer.java:220] Tomcat started on port(s): 32943 (http) with context path ''
2020-09-15 17:54:33,256 INFO [Test worker] o.d.k.p.HomeApiTest [StartupInfoLogger.java:61] Started HomeApiTest in 3.424 seconds (JVM running for 4.666)
2020-09-15 17:54:33,710 INFO [http-nio-auto-1-exec-1] o.a.c.c.C.[.[.[/] [DirectJDKLog.java:173] Initializing Spring DispatcherServlet 'dispatcherServlet'
2020-09-15 17:54:33,712 INFO [http-nio-auto-1-exec-1] o.s.w.s.DispatcherServlet [FrameworkServlet.java:525] Initializing Servlet 'dispatcherServlet'
2020-09-15 17:54:33,729 INFO [http-nio-auto-1-exec-1] o.s.w.s.DispatcherServlet [FrameworkServlet.java:547] Completed initialization in 16 ms
2020-09-15 17:54:33,861 INFO [http-nio-auto-1-exec-3] c.z.h.HikariDataSource [HikariDataSource.java:110] HikariPool-1 - Starting...
2020-09-15 17:54:34,026 INFO [http-nio-auto-1-exec-3] c.z.h.HikariDataSource [HikariDataSource.java:123] HikariPool-1 - Start completed.
2020-09-15 17:54:34,122 INFO [Test worker] o.s.b.t.c.SpringBootTestContextBootstrapper [AbstractTestContextBootstrapper.java:308] Neither @ContextConfiguration nor @ContextHierarchy found for test class [org.dell.kube.pagesapi.PageApiTest], using SpringBootContextLoader
2020-09-15 17:54:34,125 INFO [Test worker] o.s.t.c.s.AbstractContextLoader [AbstractContextLoader.java:264] Could not detect default resource locations for test class [org.dell.kube.pagesapi.PageApiTest]: no resource found for suffixes {-context.xml, Context.groovy}.
2020-09-15 17:54:34,132 INFO [Test worker] o.s.b.t.c.SpringBootTestContextBootstrapper [AbstractTestContextBootstrapper.java:248] Loaded default TestExecutionListener class names from location [META-INF/spring.factories]: [org.springframework.boot.test.autoconfigure.restdocs.RestDocsTestExecutionListener, org.springframework.boot.test.autoconfigure.web.client.MockRestServiceServerResetTestExecutionListener, org.springframework.boot.test.autoconfigure.web.servlet.MockMvcPrintOnlyOnFailureTestExecutionListener, org.springframework.boot.test.autoconfigure.web.servlet.WebDriverTestExecutionListener, org.springframework.boot.test.autoconfigure.webservices.client.MockWebServiceServerTestExecutionListener, org.springframework.boot.test.mock.mockito.MockitoTestExecutionListener, org.springframework.boot.test.mock.mockito.ResetMocksTestExecutionListener, org.springframework.test.context.web.ServletTestExecutionListener, org.springframework.test.context.support.DirtiesContextBeforeModesTestExecutionListener, org.springframework.test.context.support.DependencyInjectionTestExecutionListener, org.springframework.test.context.support.DirtiesContextTestExecutionListener, org.springframework.test.context.transaction.TransactionalTestExecutionListener, org.springframework.test.context.jdbc.SqlScriptsTestExecutionListener, org.springframework.test.context.event.EventPublishingTestExecutionListener]
2020-09-15 17:54:34,133 INFO [Test worker] o.s.b.t.c.SpringBootTestContextBootstrapper [AbstractTestContextBootstrapper.java:177] Using TestExecutionListeners: [org.springframework.test.context.web.ServletTestExecutionListener@3330a85, org.springframework.test.context.support.DirtiesContextBeforeModesTestExecutionListener@1951c8de, org.springframework.boot.test.mock.mockito.MockitoTestExecutionListener@3cbab068, org.springframework.boot.test.autoconfigure.SpringBootDependencyInjectionTestExecutionListener@7459578d, org.springframework.test.context.support.DirtiesContextTestExecutionListener@6fa51ca1, org.springframework.test.context.transaction.TransactionalTestExecutionListener@78252eb3, org.springframework.test.context.jdbc.SqlScriptsTestExecutionListener@1175e82f, org.springframework.test.context.event.EventPublishingTestExecutionListener@2f2e30b3, org.springframework.boot.test.autoconfigure.restdocs.RestDocsTestExecutionListener@68a971e3, org.springframework.boot.test.autoconfigure.web.client.MockRestServiceServerResetTestExecutionListener@39a89af3, org.springframework.boot.test.autoconfigure.web.servlet.MockMvcPrintOnlyOnFailureTestExecutionListener@7223979, org.springframework.boot.test.autoconfigure.web.servlet.WebDriverTestExecutionListener@59572a86, org.springframework.boot.test.autoconfigure.webservices.client.MockWebServiceServerTestExecutionListener@7a526e26, org.springframework.boot.test.mock.mockito.ResetMocksTestExecutionListener@7501c9d]
2020-09-15 17:54:34,483 INFO [http-nio-auto-1-exec-6] o.d.k.p.PageController [PageController.java:27] READ-INFO:Fetching page with id = 1
2020-09-15 17:54:34,589 INFO [http-nio-auto-1-exec-10] o.d.k.p.PageController [PageController.java:27] READ-INFO:Fetching page with id = 1
2020-09-15 17:54:34,592 ERROR [http-nio-auto-1-exec-10] o.d.k.p.PageController [PageController.java:34] READ-ERROR:Could not find page with id = 1
2020-09-15 17:54:34,652 INFO [Test worker] o.s.b.t.c.SpringBootTestContextBootstrapper [AbstractTestContextBootstrapper.java:308] Neither @ContextConfiguration nor @ContextHierarchy found for test class [org.dell.kube.pages.MySqlPageRepositoryTest], using SpringBootContextLoader
2020-09-15 17:54:34,654 INFO [Test worker] o.s.t.c.s.AbstractContextLoader [AbstractContextLoader.java:264] Could not detect default resource locations for test class [org.dell.kube.pages.MySqlPageRepositoryTest]: no resource found for suffixes {-context.xml, Context.groovy}.
2020-09-15 17:54:34,655 INFO [Test worker] o.s.t.c.s.AnnotationConfigContextLoaderUtils [AnnotationConfigContextLoaderUtils.java:83] Could not detect default configuration classes for test class [org.dell.kube.pages.MySqlPageRepositoryTest]: MySqlPageRepositoryTest does not declare any static, non-private, non-final, nested classes annotated with @Configuration.
2020-09-15 17:54:34,660 INFO [Test worker] o.s.b.t.c.SpringBootTestContextBootstrapper [SpringBootTestContextBootstrapper.java:237] Found @SpringBootConfiguration org.dell.kube.pages.PageApplication for test class org.dell.kube.pages.MySqlPageRepositoryTest
2020-09-15 17:54:34,662 INFO [Test worker] o.s.b.t.c.SpringBootTestContextBootstrapper [AbstractTestContextBootstrapper.java:248] Loaded default TestExecutionListener class names from location [META-INF/spring.factories]: [org.springframework.boot.test.autoconfigure.restdocs.RestDocsTestExecutionListener, org.springframework.boot.test.autoconfigure.web.client.MockRestServiceServerResetTestExecutionListener, org.springframework.boot.test.autoconfigure.web.servlet.MockMvcPrintOnlyOnFailureTestExecutionListener, org.springframework.boot.test.autoconfigure.web.servlet.WebDriverTestExecutionListener, org.springframework.boot.test.autoconfigure.webservices.client.MockWebServiceServerTestExecutionListener, org.springframework.boot.test.mock.mockito.MockitoTestExecutionListener, org.springframework.boot.test.mock.mockito.ResetMocksTestExecutionListener, org.springframework.test.context.web.ServletTestExecutionListener, org.springframework.test.context.support.DirtiesContextBeforeModesTestExecutionListener, org.springframework.test.context.support.DependencyInjectionTestExecutionListener, org.springframework.test.context.support.DirtiesContextTestExecutionListener, org.springframework.test.context.transaction.TransactionalTestExecutionListener, org.springframework.test.context.jdbc.SqlScriptsTestExecutionListener, org.springframework.test.context.event.EventPublishingTestExecutionListener]
2020-09-15 17:54:34,663 INFO [Test worker] o.s.b.t.c.SpringBootTestContextBootstrapper [AbstractTestContextBootstrapper.java:177] Using TestExecutionListeners: [org.springframework.test.context.web.ServletTestExecutionListener@a3547a9, org.springframework.test.context.support.DirtiesContextBeforeModesTestExecutionListener@5795d4, org.springframework.boot.test.mock.mockito.MockitoTestExecutionListener@1418e54, org.springframework.boot.test.autoconfigure.SpringBootDependencyInjectionTestExecutionListener@159f592a, org.springframework.test.context.support.DirtiesContextTestExecutionListener@35374c3f, org.springframework.test.context.transaction.TransactionalTestExecutionListener@9f28678, org.springframework.test.context.jdbc.SqlScriptsTestExecutionListener@44c9a3c, org.springframework.test.context.event.EventPublishingTestExecutionListener@6b75d596, org.springframework.boot.test.autoconfigure.restdocs.RestDocsTestExecutionListener@64ac2a73, org.springframework.boot.test.autoconfigure.web.client.MockRestServiceServerResetTestExecutionListener@79f0a1d8, org.springframework.boot.test.autoconfigure.web.servlet.MockMvcPrintOnlyOnFailureTestExecutionListener@198d59a0, org.springframework.boot.test.autoconfigure.web.servlet.WebDriverTestExecutionListener@5c11e662, org.springframework.boot.test.autoconfigure.webservices.client.MockWebServiceServerTestExecutionListener@59eba021, org.springframework.boot.test.mock.mockito.ResetMocksTestExecutionListener@256934a5]
2020-09-15 17:54:34,690 INFO [Test worker] o.d.k.p.MySqlPageRepositoryTest [StartupInfoLogger.java:55] Starting MySqlPageRepositoryTest on lin01 with PID 16844 (started by student in /home/student/workspace/pages)
2020-09-15 17:54:34,691 INFO [Test worker] o.d.k.p.MySqlPageRepositoryTest [SpringApplication.java:651] No active profile set, falling back to default profiles: default
2020-09-15 17:54:35,368 INFO [Test worker] o.s.s.c.ThreadPoolTaskExecutor [ExecutorConfigurationSupport.java:181] Initializing ExecutorService 'applicationTaskExecutor'
2020-09-15 17:54:35,628 INFO [Test worker] o.s.b.a.e.w.EndpointLinksResolver [EndpointLinksResolver.java:58] Exposing 2 endpoint(s) beneath base path '/actuator'
2020-09-15 17:54:35,660 INFO [Test worker] o.d.k.p.MySqlPageRepositoryTest [StartupInfoLogger.java:61] Started MySqlPageRepositoryTest in 0.992 seconds (JVM running for 7.071)
2020-09-15 17:54:35,672 INFO [Test worker] c.z.h.HikariDataSource [HikariDataSource.java:110] HikariPool-2 - Starting...
2020-09-15 17:54:35,677 INFO [Test worker] c.z.h.HikariDataSource [HikariDataSource.java:123] HikariPool-2 - Start completed.
2020-09-15 17:54:36,266 INFO [Test worker] o.d.k.p.PageController [PageController.java:27] READ-INFO:Fetching page with id = 1
2020-09-15 17:54:36,270 INFO [Test worker] o.d.k.p.PageController [PageController.java:27] READ-INFO:Fetching page with id = 1
2020-09-15 17:54:36,271 ERROR [Test worker] o.d.k.p.PageController [PageController.java:34] READ-ERROR:Could not find page with id = 1
2020-09-15 17:54:36,303 INFO [SpringContextShutdownHook] o.s.s.c.ThreadPoolTaskExecutor [ExecutorConfigurationSupport.java:218] Shutting down ExecutorService 'applicationTaskExecutor'
2020-09-15 17:54:36,306 INFO [SpringContextShutdownHook] c.z.h.HikariDataSource [HikariDataSource.java:350] HikariPool-2 - Shutdown initiated...
2020-09-15 17:54:36,345 INFO [SpringContextShutdownHook] c.z.h.HikariDataSource [HikariDataSource.java:352] HikariPool-2 - Shutdown completed.
2020-09-15 17:54:36,358 INFO [SpringContextShutdownHook] o.s.s.c.ThreadPoolTaskExecutor [ExecutorConfigurationSupport.java:218] Shutting down ExecutorService 'applicationTaskExecutor'
2020-09-15 17:54:36,359 INFO [SpringContextShutdownHook] c.z.h.HikariDataSource [HikariDataSource.java:350] HikariPool-1 - Shutdown initiated...
2020-09-15 17:54:36,379 INFO [SpringContextShutdownHook] c.z.h.HikariDataSource [HikariDataSource.java:352] HikariPool-1 - Shutdown completed.
2020-09-15 17:55:03,952 INFO [main] o.d.k.p.PageApplication [StartupInfoLogger.java:55] Starting PageApplication on lin01 with PID 17485 (/home/student/workspace/pages/build/classes/java/main started by student in /home/student/workspace/pages)
2020-09-15 17:55:03,955 INFO [main] o.d.k.p.PageApplication [SpringApplication.java:651] No active profile set, falling back to default profiles: default
2020-09-15 17:55:05,113 INFO [main] o.s.b.w.e.t.TomcatWebServer [TomcatWebServer.java:108] Tomcat initialized with port(s): 8080 (http)
2020-09-15 17:55:05,130 INFO [main] o.a.c.h.Http11NioProtocol [DirectJDKLog.java:173] Initializing ProtocolHandler ["http-nio-8080"]
2020-09-15 17:55:05,131 INFO [main] o.a.c.c.StandardService [DirectJDKLog.java:173] Starting service [Tomcat]
2020-09-15 17:55:05,132 INFO [main] o.a.c.c.StandardEngine [DirectJDKLog.java:173] Starting Servlet engine: [Apache Tomcat/9.0.36]
2020-09-15 17:55:05,201 INFO [main] o.a.c.c.C.[.[.[/] [DirectJDKLog.java:173] Initializing Spring embedded WebApplicationContext
2020-09-15 17:55:05,202 INFO [main] o.s.b.w.s.c.ServletWebServerApplicationContext [ServletWebServerApplicationContext.java:285] Root WebApplicationContext: initialization completed in 1210 ms
2020-09-15 17:55:05,514 INFO [main] o.s.s.c.ThreadPoolTaskExecutor [ExecutorConfigurationSupport.java:181] Initializing ExecutorService 'applicationTaskExecutor'
2020-09-15 17:55:05,736 INFO [main] o.s.b.a.e.w.EndpointLinksResolver [EndpointLinksResolver.java:58] Exposing 2 endpoint(s) beneath base path '/actuator'
2020-09-15 17:55:05,757 INFO [main] o.a.c.h.Http11NioProtocol [DirectJDKLog.java:173] Starting ProtocolHandler ["http-nio-8080"]
2020-09-15 17:55:05,775 INFO [main] o.s.b.w.e.t.TomcatWebServer [TomcatWebServer.java:220] Tomcat started on port(s): 8080 (http) with context path ''
2020-09-15 17:55:05,791 INFO [main] o.d.k.p.PageApplication [StartupInfoLogger.java:61] Started PageApplication in 2.12 seconds (JVM running for 2.514)
2020-09-15 18:00:13,136 INFO [http-nio-8080-exec-1] o.a.c.c.C.[.[.[/] [DirectJDKLog.java:173] Initializing Spring DispatcherServlet 'dispatcherServlet'
2020-09-15 18:00:13,137 INFO [http-nio-8080-exec-1] o.s.w.s.DispatcherServlet [FrameworkServlet.java:525] Initializing Servlet 'dispatcherServlet'
2020-09-15 18:00:13,146 INFO [http-nio-8080-exec-1] o.s.w.s.DispatcherServlet [FrameworkServlet.java:547] Completed initialization in 8 ms
2020-09-15 18:00:13,181 INFO [http-nio-8080-exec-1] o.d.k.p.PageController [PageController.java:27] READ-INFO:Fetching page with id = 321
2020-09-15 18:00:13,199 INFO [http-nio-8080-exec-1] c.z.h.HikariDataSource [HikariDataSource.java:110] HikariPool-1 - Starting...
2020-09-15 18:00:13,330 INFO [http-nio-8080-exec-1] c.z.h.HikariDataSource [HikariDataSource.java:123] HikariPool-1 - Start completed.
2020-09-15 18:00:14,855 INFO [http-nio-8080-exec-2] o.d.k.p.PageController [PageController.java:27] READ-INFO:Fetching page with id = 321
2020-09-15 18:00:22,169 INFO [http-nio-8080-exec-3] o.d.k.p.PageController [PageController.java:27] READ-INFO:Fetching page with id = 111
2020-09-15 18:00:22,172 ERROR [http-nio-8080-exec-3] o.d.k.p.PageController [PageController.java:34] READ-ERROR:Could not find page with id = 111
2020-09-15 18:00:25,645 INFO [http-nio-8080-exec-5] o.d.k.p.PageController [PageController.java:27] READ-INFO:Fetching page with id = 111
2020-09-15 18:00:25,648 ERROR [http-nio-8080-exec-5] o.d.k.p.PageController [PageController.java:34] READ-ERROR:Could not find page with id = 111
2020-09-15 18:00:47,921 INFO [http-nio-8080-exec-4] o.d.k.p.PageController [PageController.java:27] READ-INFO:Fetching page with id = 321
2020-09-15 18:01:05,376 INFO [SpringContextShutdownHook] o.s.s.c.ThreadPoolTaskExecutor [ExecutorConfigurationSupport.java:218] Shutting down ExecutorService 'applicationTaskExecutor'
2020-09-15 18:01:05,377 INFO [SpringContextShutdownHook] c.z.h.HikariDataSource [HikariDataSource.java:350] HikariPool-1 - Shutdown initiated...
2020-09-15 18:01:05,390 INFO [SpringContextShutdownHook] c.z.h.HikariDataSource [HikariDataSource.java:352] HikariPool-1 - Shutdown completed.
2020-09-16 04:21:17,231 INFO [Test worker] o.s.b.t.c.SpringBootTestContextBootstrapper [AbstractTestContextBootstrapper.java:308] Neither @ContextConfiguration nor @ContextHierarchy found for test class [org.dell.kube.pagesapi.HomeApiTest], using SpringBootContextLoader
2020-09-16 04:21:17,243 INFO [Test worker] o.s.t.c.s.AbstractContextLoader [AbstractContextLoader.java:264] Could not detect default resource locations for test class [org.dell.kube.pagesapi.HomeApiTest]: no resource found for suffixes {-context.xml, Context.groovy}.
2020-09-16 04:21:17,400 INFO [Test worker] o.s.b.t.c.SpringBootTestContextBootstrapper [AbstractTestContextBootstrapper.java:248] Loaded default TestExecutionListener class names from location [META-INF/spring.factories]: [org.springframework.boot.test.autoconfigure.restdocs.RestDocsTestExecutionListener, org.springframework.boot.test.autoconfigure.web.client.MockRestServiceServerResetTestExecutionListener, org.springframework.boot.test.autoconfigure.web.servlet.MockMvcPrintOnlyOnFailureTestExecutionListener, org.springframework.boot.test.autoconfigure.web.servlet.WebDriverTestExecutionListener, org.springframework.boot.test.autoconfigure.webservices.client.MockWebServiceServerTestExecutionListener, org.springframework.boot.test.mock.mockito.MockitoTestExecutionListener, org.springframework.boot.test.mock.mockito.ResetMocksTestExecutionListener, org.springframework.test.context.web.ServletTestExecutionListener, org.springframework.test.context.support.DirtiesContextBeforeModesTestExecutionListener, org.springframework.test.context.support.DependencyInjectionTestExecutionListener, org.springframework.test.context.support.DirtiesContextTestExecutionListener, org.springframework.test.context.transaction.TransactionalTestExecutionListener, org.springframework.test.context.jdbc.SqlScriptsTestExecutionListener, org.springframework.test.context.event.EventPublishingTestExecutionListener]
2020-09-16 04:21:17,420 INFO [Test worker] o.s.b.t.c.SpringBootTestContextBootstrapper [AbstractTestContextBootstrapper.java:177] Using TestExecutionListeners: [org.springframework.test.context.web.ServletTestExecutionListener@3bbe9e42, org.springframework.test.context.support.DirtiesContextBeforeModesTestExecutionListener@9f5d7a, org.springframework.boot.test.mock.mockito.MockitoTestExecutionListener@6bdbc6a5, org.springframework.boot.test.autoconfigure.SpringBootDependencyInjectionTestExecutionListener@7eaea9d9, org.springframework.test.context.support.DirtiesContextTestExecutionListener@312d64c0, org.springframework.test.context.transaction.TransactionalTestExecutionListener@4b238b12, org.springframework.test.context.jdbc.SqlScriptsTestExecutionListener@7e78923d, org.springframework.test.context.event.EventPublishingTestExecutionListener@75931c4a, org.springframework.boot.test.autoconfigure.restdocs.RestDocsTestExecutionListener@2f427d5c, org.springframework.boot.test.autoconfigure.web.client.MockRestServiceServerResetTestExecutionListener@78ee08bd, org.springframework.boot.test.autoconfigure.web.servlet.MockMvcPrintOnlyOnFailureTestExecutionListener@42bd94e7, org.springframework.boot.test.autoconfigure.web.servlet.WebDriverTestExecutionListener@2f21b1b6, org.springframework.boot.test.autoconfigure.webservices.client.MockWebServiceServerTestExecutionListener@13358193, org.springframework.boot.test.mock.mockito.ResetMocksTestExecutionListener@1b96d8a8]
2020-09-16 04:21:17,794 INFO [Test worker] o.d.k.p.HomeApiTest [StartupInfoLogger.java:55] Starting HomeApiTest on lin01 with PID 29524 (started by student in /home/student/workspace/pages)
2020-09-16 04:21:17,795 INFO [Test worker] o.d.k.p.HomeApiTest [SpringApplication.java:651] No active profile set, falling back to default profiles: default
2020-09-16 04:21:19,583 INFO [Test worker] o.s.b.w.e.t.TomcatWebServer [TomcatWebServer.java:108] Tomcat initialized with port(s): 0 (http)
2020-09-16 04:21:19,596 INFO [Test worker] o.a.c.h.Http11NioProtocol [DirectJDKLog.java:173] Initializing ProtocolHandler ["http-nio-auto-1"]
2020-09-16 04:21:19,598 INFO [Test worker] o.a.c.c.StandardService [DirectJDKLog.java:173] Starting service [Tomcat]
2020-09-16 04:21:19,599 INFO [Test worker] o.a.c.c.StandardEngine [DirectJDKLog.java:173] Starting Servlet engine: [Apache Tomcat/9.0.36]
2020-09-16 04:21:19,681 INFO [Test worker] o.a.c.c.C.[.[.[/] [DirectJDKLog.java:173] Initializing Spring embedded WebApplicationContext
2020-09-16 04:21:19,681 INFO [Test worker] o.s.b.w.s.c.ServletWebServerApplicationContext [ServletWebServerApplicationContext.java:285] Root WebApplicationContext: initialization completed in 1868 ms
2020-09-16 04:21:20,213 INFO [Test worker] o.s.s.c.ThreadPoolTaskExecutor [ExecutorConfigurationSupport.java:181] Initializing ExecutorService 'applicationTaskExecutor'
2020-09-16 04:21:20,672 INFO [Test worker] o.s.b.a.e.w.EndpointLinksResolver [EndpointLinksResolver.java:58] Exposing 2 endpoint(s) beneath base path '/actuator'
2020-09-16 04:21:20,734 INFO [Test worker] o.a.c.h.Http11NioProtocol [DirectJDKLog.java:173] Starting ProtocolHandler ["http-nio-auto-1"]
2020-09-16 04:21:20,774 INFO [Test worker] o.s.b.w.e.t.TomcatWebServer [TomcatWebServer.java:220] Tomcat started on port(s): 34557 (http) with context path ''
2020-09-16 04:21:20,796 INFO [Test worker] o.d.k.p.HomeApiTest [StartupInfoLogger.java:61] Started HomeApiTest in 3.339 seconds (JVM running for 4.477)
2020-09-16 04:21:21,243 INFO [http-nio-auto-1-exec-1] o.a.c.c.C.[.[.[/] [DirectJDKLog.java:173] Initializing Spring DispatcherServlet 'dispatcherServlet'
2020-09-16 04:21:21,244 INFO [http-nio-auto-1-exec-1] o.s.w.s.DispatcherServlet [FrameworkServlet.java:525] Initializing Servlet 'dispatcherServlet'
2020-09-16 04:21:21,262 INFO [http-nio-auto-1-exec-1] o.s.w.s.DispatcherServlet [FrameworkServlet.java:547] Completed initialization in 17 ms
2020-09-16 04:21:21,396 INFO [http-nio-auto-1-exec-2] c.z.h.HikariDataSource [HikariDataSource.java:110] HikariPool-1 - Starting...
2020-09-16 04:21:21,549 INFO [http-nio-auto-1-exec-2] c.z.h.HikariDataSource [HikariDataSource.java:123] HikariPool-1 - Start completed.
2020-09-16 04:21:21,640 INFO [Test worker] o.s.b.t.c.SpringBootTestContextBootstrapper [AbstractTestContextBootstrapper.java:308] Neither @ContextConfiguration nor @ContextHierarchy found for test class [org.dell.kube.pagesapi.PageApiTest], using SpringBootContextLoader
2020-09-16 04:21:21,643 INFO [Test worker] o.s.t.c.s.AbstractContextLoader [AbstractContextLoader.java:264] Could not detect default resource locations for test class [org.dell.kube.pagesapi.PageApiTest]: no resource found for suffixes {-context.xml, Context.groovy}.
2020-09-16 04:21:21,648 INFO [Test worker] o.s.b.t.c.SpringBootTestContextBootstrapper [AbstractTestContextBootstrapper.java:248] Loaded default TestExecutionListener class names from location [META-INF/spring.factories]: [org.springframework.boot.test.autoconfigure.restdocs.RestDocsTestExecutionListener, org.springframework.boot.test.autoconfigure.web.client.MockRestServiceServerResetTestExecutionListener, org.springframework.boot.test.autoconfigure.web.servlet.MockMvcPrintOnlyOnFailureTestExecutionListener, org.springframework.boot.test.autoconfigure.web.servlet.WebDriverTestExecutionListener, org.springframework.boot.test.autoconfigure.webservices.client.MockWebServiceServerTestExecutionListener, org.springframework.boot.test.mock.mockito.MockitoTestExecutionListener, org.springframework.boot.test.mock.mockito.ResetMocksTestExecutionListener, org.springframework.test.context.web.ServletTestExecutionListener, org.springframework.test.context.support.DirtiesContextBeforeModesTestExecutionListener, org.springframework.test.context.support.DependencyInjectionTestExecutionListener, org.springframework.test.context.support.DirtiesContextTestExecutionListener, org.springframework.test.context.transaction.TransactionalTestExecutionListener, org.springframework.test.context.jdbc.SqlScriptsTestExecutionListener, org.springframework.test.context.event.EventPublishingTestExecutionListener]
2020-09-16 04:21:21,648 INFO [Test worker] o.s.b.t.c.SpringBootTestContextBootstrapper [AbstractTestContextBootstrapper.java:177] Using TestExecutionListeners: [org.springframework.test.context.web.ServletTestExecutionListener@29e1484d, org.springframework.test.context.support.DirtiesContextBeforeModesTestExecutionListener@4fd9423b, org.springframework.boot.test.mock.mockito.MockitoTestExecutionListener@14beba45, org.springframework.boot.test.autoconfigure.SpringBootDependencyInjectionTestExecutionListener@6d9a3f75, org.springframework.test.context.support.DirtiesContextTestExecutionListener@4e1ab1ab, org.springframework.test.context.transaction.TransactionalTestExecutionListener@4bd7eac9, org.springframework.test.context.jdbc.SqlScriptsTestExecutionListener@2a5a1d64, org.springframework.test.context.event.EventPublishingTestExecutionListener@1687fecd, org.springframework.boot.test.autoconfigure.restdocs.RestDocsTestExecutionListener@d8b825f, org.springframework.boot.test.autoconfigure.web.client.MockRestServiceServerResetTestExecutionListener@79feb085, org.springframework.boot.test.autoconfigure.web.servlet.MockMvcPrintOnlyOnFailureTestExecutionListener@33533e3, org.springframework.boot.test.autoconfigure.web.servlet.WebDriverTestExecutionListener@2a6dd4de, org.springframework.boot.test.autoconfigure.webservices.client.MockWebServiceServerTestExecutionListener@7b2532b6, org.springframework.boot.test.mock.mockito.ResetMocksTestExecutionListener@77d3cfcf]
2020-09-16 04:21:21,920 INFO [http-nio-auto-1-exec-6] o.d.k.p.PageController [PageController.java:27] READ-INFO:Fetching page with id = 1
2020-09-16 04:21:22,033 INFO [http-nio-auto-1-exec-10] o.d.k.p.PageController [PageController.java:27] READ-INFO:Fetching page with id = 1
2020-09-16 04:21:22,035 ERROR [http-nio-auto-1-exec-10] o.d.k.p.PageController [PageController.java:34] READ-ERROR:Could not find page with id = 1
2020-09-16 04:21:22,097 INFO [Test worker] o.s.b.t.c.SpringBootTestContextBootstrapper [AbstractTestContextBootstrapper.java:308] Neither @ContextConfiguration nor @ContextHierarchy found for test class [org.dell.kube.pages.MySqlPageRepositoryTest], using SpringBootContextLoader
2020-09-16 04:21:22,099 INFO [Test worker] o.s.t.c.s.AbstractContextLoader [AbstractContextLoader.java:264] Could not detect default resource locations for test class [org.dell.kube.pages.MySqlPageRepositoryTest]: no resource found for suffixes {-context.xml, Context.groovy}.
2020-09-16 04:21:22,100 INFO [Test worker] o.s.t.c.s.AnnotationConfigContextLoaderUtils [AnnotationConfigContextLoaderUtils.java:83] Could not detect default configuration classes for test class [org.dell.kube.pages.MySqlPageRepositoryTest]: MySqlPageRepositoryTest does not declare any static, non-private, non-final, nested classes annotated with @Configuration.
2020-09-16 04:21:22,106 INFO [Test worker] o.s.b.t.c.SpringBootTestContextBootstrapper [SpringBootTestContextBootstrapper.java:237] Found @SpringBootConfiguration org.dell.kube.pages.PageApplication for test class org.dell.kube.pages.MySqlPageRepositoryTest
2020-09-16 04:21:22,113 INFO [Test worker] o.s.b.t.c.SpringBootTestContextBootstrapper [AbstractTestContextBootstrapper.java:248] Loaded default TestExecutionListener class names from location [META-INF/spring.factories]: [org.springframework.boot.test.autoconfigure.restdocs.RestDocsTestExecutionListener, org.springframework.boot.test.autoconfigure.web.client.MockRestServiceServerResetTestExecutionListener, org.springframework.boot.test.autoconfigure.web.servlet.MockMvcPrintOnlyOnFailureTestExecutionListener, org.springframework.boot.test.autoconfigure.web.servlet.WebDriverTestExecutionListener, org.springframework.boot.test.autoconfigure.webservices.client.MockWebServiceServerTestExecutionListener, org.springframework.boot.test.mock.mockito.MockitoTestExecutionListener, org.springframework.boot.test.mock.mockito.ResetMocksTestExecutionListener, org.springframework.test.context.web.ServletTestExecutionListener, org.springframework.test.context.support.DirtiesContextBeforeModesTestExecutionListener, org.springframework.test.context.support.DependencyInjectionTestExecutionListener, org.springframework.test.context.support.DirtiesContextTestExecutionListener, org.springframework.test.context.transaction.TransactionalTestExecutionListener, org.springframework.test.context.jdbc.SqlScriptsTestExecutionListener, org.springframework.test.context.event.EventPublishingTestExecutionListener]
2020-09-16 04:21:22,114 INFO [Test worker] o.s.b.t.c.SpringBootTestContextBootstrapper [AbstractTestContextBootstrapper.java:177] Using TestExecutionListeners: [org.springframework.test.context.web.ServletTestExecutionListener@14a7ae8f, org.springframework.test.context.support.DirtiesContextBeforeModesTestExecutionListener@5cfe110c, org.springframework.boot.test.mock.mockito.MockitoTestExecutionListener@1219a455, org.springframework.boot.test.autoconfigure.SpringBootDependencyInjectionTestExecutionListener@7eb70df4, org.springframework.test.context.support.DirtiesContextTestExecutionListener@57cd177b, org.springframework.test.context.transaction.TransactionalTestExecutionListener@7b171aff, org.springframework.test.context.jdbc.SqlScriptsTestExecutionListener@24f332c4, org.springframework.test.context.event.EventPublishingTestExecutionListener@626d4303, org.springframework.boot.test.autoconfigure.restdocs.RestDocsTestExecutionListener@5d24f6fa, org.springframework.boot.test.autoconfigure.web.client.MockRestServiceServerResetTestExecutionListener@1ea7df43, org.springframework.boot.test.autoconfigure.web.servlet.MockMvcPrintOnlyOnFailureTestExecutionListener@237fab41, org.springframework.boot.test.autoconfigure.web.servlet.WebDriverTestExecutionListener@2b029176, org.springframework.boot.test.autoconfigure.webservices.client.MockWebServiceServerTestExecutionListener@51eb31ca, org.springframework.boot.test.mock.mockito.ResetMocksTestExecutionListener@7196b173]
2020-09-16 04:21:22,161 INFO [Test worker] o.d.k.p.MySqlPageRepositoryTest [StartupInfoLogger.java:55] Starting MySqlPageRepositoryTest on lin01 with PID 29524 (started by student in /home/student/workspace/pages)
2020-09-16 04:21:22,162 INFO [Test worker] o.d.k.p.MySqlPageRepositoryTest [SpringApplication.java:651] No active profile set, falling back to default profiles: default
2020-09-16 04:21:23,041 INFO [Test worker] o.s.s.c.ThreadPoolTaskExecutor [ExecutorConfigurationSupport.java:181] Initializing ExecutorService 'applicationTaskExecutor'
2020-09-16 04:21:23,335 INFO [Test worker] o.s.b.a.e.w.EndpointLinksResolver [EndpointLinksResolver.java:58] Exposing 2 endpoint(s) beneath base path '/actuator'
2020-09-16 04:21:23,365 INFO [Test worker] o.d.k.p.MySqlPageRepositoryTest [StartupInfoLogger.java:61] Started MySqlPageRepositoryTest in 1.242 seconds (JVM running for 7.047)
2020-09-16 04:21:23,377 INFO [Test worker] c.z.h.HikariDataSource [HikariDataSource.java:110] HikariPool-2 - Starting...
2020-09-16 04:21:23,382 INFO [Test worker] c.z.h.HikariDataSource [HikariDataSource.java:123] HikariPool-2 - Start completed.
2020-09-16 04:21:23,660 INFO [Test worker] o.d.k.p.PageController [PageController.java:27] READ-INFO:Fetching page with id = 1
2020-09-16 04:21:23,664 INFO [Test worker] o.d.k.p.PageController [PageController.java:27] READ-INFO:Fetching page with id = 1
2020-09-16 04:21:23,665 ERROR [Test worker] o.d.k.p.PageController [PageController.java:34] READ-ERROR:Could not find page with id = 1
2020-09-16 04:21:23,705 INFO [SpringContextShutdownHook] o.s.s.c.ThreadPoolTaskExecutor [ExecutorConfigurationSupport.java:218] Shutting down ExecutorService 'applicationTaskExecutor'
2020-09-16 04:21:23,712 INFO [SpringContextShutdownHook] c.z.h.HikariDataSource [HikariDataSource.java:350] HikariPool-2 - Shutdown initiated...
2020-09-16 04:21:23,761 INFO [SpringContextShutdownHook] c.z.h.HikariDataSource [HikariDataSource.java:352] HikariPool-2 - Shutdown completed.
2020-09-16 04:21:23,769 INFO [SpringContextShutdownHook] o.s.s.c.ThreadPoolTaskExecutor [ExecutorConfigurationSupport.java:218] Shutting down ExecutorService 'applicationTaskExecutor'
2020-09-16 04:21:23,773 INFO [SpringContextShutdownHook] c.z.h.HikariDataSource [HikariDataSource.java:350] HikariPool-1 - Shutdown initiated...
2020-09-16 04:21:23,791 INFO [SpringContextShutdownHook] c.z.h.HikariDataSource [HikariDataSource.java:352] HikariPool-1 - Shutdown completed.
2020-09-16 07:58:28,954 INFO [Test worker] o.s.b.t.c.SpringBootTestContextBootstrapper [AbstractTestContextBootstrapper.java:308] Neither @ContextConfiguration nor @ContextHierarchy found for test class [org.dell.kube.pagesapi.HomeApiTest], using SpringBootContextLoader
2020-09-16 07:58:28,962 INFO [Test worker] o.s.t.c.s.AbstractContextLoader [AbstractContextLoader.java:264] Could not detect default resource locations for test class [org.dell.kube.pagesapi.HomeApiTest]: no resource found for suffixes {-context.xml, Context.groovy}.
2020-09-16 07:58:29,103 INFO [Test worker] o.s.b.t.c.SpringBootTestContextBootstrapper [AbstractTestContextBootstrapper.java:248] Loaded default TestExecutionListener class names from location [META-INF/spring.factories]: [org.springframework.boot.test.autoconfigure.restdocs.RestDocsTestExecutionListener, org.springframework.boot.test.autoconfigure.web.client.MockRestServiceServerResetTestExecutionListener, org.springframework.boot.test.autoconfigure.web.servlet.MockMvcPrintOnlyOnFailureTestExecutionListener, org.springframework.boot.test.autoconfigure.web.servlet.WebDriverTestExecutionListener, org.springframework.boot.test.autoconfigure.webservices.client.MockWebServiceServerTestExecutionListener, org.springframework.boot.test.mock.mockito.MockitoTestExecutionListener, org.springframework.boot.test.mock.mockito.ResetMocksTestExecutionListener, org.springframework.test.context.web.ServletTestExecutionListener, org.springframework.test.context.support.DirtiesContextBeforeModesTestExecutionListener, org.springframework.test.context.support.DependencyInjectionTestExecutionListener, org.springframework.test.context.support.DirtiesContextTestExecutionListener, org.springframework.test.context.transaction.TransactionalTestExecutionListener, org.springframework.test.context.jdbc.SqlScriptsTestExecutionListener, org.springframework.test.context.event.EventPublishingTestExecutionListener]
2020-09-16 07:58:29,116 INFO [Test worker] o.s.b.t.c.SpringBootTestContextBootstrapper [AbstractTestContextBootstrapper.java:177] Using TestExecutionListeners: [org.springframework.test.context.web.ServletTestExecutionListener@461f28, org.springframework.test.context.support.DirtiesContextBeforeModesTestExecutionListener@4f7260a7, org.springframework.boot.test.mock.mockito.MockitoTestExecutionListener@3028ddcb, org.springframework.boot.test.autoconfigure.SpringBootDependencyInjectionTestExecutionListener@16eaa8e2, org.springframework.test.context.support.DirtiesContextTestExecutionListener@26655a48, org.springframework.test.context.transaction.TransactionalTestExecutionListener@7ace617b, org.springframework.test.context.jdbc.SqlScriptsTestExecutionListener@cfe2d6c, org.springframework.test.context.event.EventPublishingTestExecutionListener@4f9029a9, org.springframework.boot.test.autoconfigure.restdocs.RestDocsTestExecutionListener@43ab8d09, org.springframework.boot.test.autoconfigure.web.client.MockRestServiceServerResetTestExecutionListener@4a67e9be, org.springframework.boot.test.autoconfigure.web.servlet.MockMvcPrintOnlyOnFailureTestExecutionListener@378f28d3, org.springframework.boot.test.autoconfigure.web.servlet.WebDriverTestExecutionListener@799c82ea, org.springframework.boot.test.autoconfigure.webservices.client.MockWebServiceServerTestExecutionListener@66c08b15, org.springframework.boot.test.mock.mockito.ResetMocksTestExecutionListener@131fa46a]
2020-09-16 07:58:29,492 INFO [Test worker] o.d.k.p.HomeApiTest [StartupInfoLogger.java:55] Starting HomeApiTest on lin01 with PID 3518 (started by student in /home/student/workspace/pages)
2020-09-16 07:58:29,494 INFO [Test worker] o.d.k.p.HomeApiTest [SpringApplication.java:651] No active profile set, falling back to default profiles: default
2020-09-16 07:58:31,335 INFO [Test worker] o.s.b.w.e.t.TomcatWebServer [TomcatWebServer.java:108] Tomcat initialized with port(s): 0 (http)
2020-09-16 07:58:31,351 INFO [Test worker] o.a.c.h.Http11NioProtocol [DirectJDKLog.java:173] Initializing ProtocolHandler ["http-nio-auto-1"]
2020-09-16 07:58:31,352 INFO [Test worker] o.a.c.c.StandardService [DirectJDKLog.java:173] Starting service [Tomcat]
2020-09-16 07:58:31,353 INFO [Test worker] o.a.c.c.StandardEngine [DirectJDKLog.java:173] Starting Servlet engine: [Apache Tomcat/9.0.36]
2020-09-16 07:58:31,486 INFO [Test worker] o.a.c.c.C.[.[.[/] [DirectJDKLog.java:173] Initializing Spring embedded WebApplicationContext
2020-09-16 07:58:31,487 INFO [Test worker] o.s.b.w.s.c.ServletWebServerApplicationContext [ServletWebServerApplicationContext.java:285] Root WebApplicationContext: initialization completed in 1975 ms
2020-09-16 07:58:32,063 INFO [Test worker] o.s.s.c.ThreadPoolTaskExecutor [ExecutorConfigurationSupport.java:181] Initializing ExecutorService 'applicationTaskExecutor'
2020-09-16 07:58:32,674 INFO [Test worker] o.s.b.a.e.w.EndpointLinksResolver [EndpointLinksResolver.java:58] Exposing 2 endpoint(s) beneath base path '/actuator'
2020-09-16 07:58:32,750 INFO [Test worker] o.a.c.h.Http11NioProtocol [DirectJDKLog.java:173] Starting ProtocolHandler ["http-nio-auto-1"]
2020-09-16 07:58:32,780 INFO [Test worker] o.s.b.w.e.t.TomcatWebServer [TomcatWebServer.java:220] Tomcat started on port(s): 46233 (http) with context path ''
2020-09-16 07:58:32,802 INFO [Test worker] o.d.k.p.HomeApiTest [StartupInfoLogger.java:61] Started HomeApiTest in 3.643 seconds (JVM running for 4.768)
2020-09-16 07:58:33,284 INFO [http-nio-auto-1-exec-1] o.a.c.c.C.[.[.[/] [DirectJDKLog.java:173] Initializing Spring DispatcherServlet 'dispatcherServlet'
2020-09-16 07:58:33,286 INFO [http-nio-auto-1-exec-1] o.s.w.s.DispatcherServlet [FrameworkServlet.java:525] Initializing Servlet 'dispatcherServlet'
2020-09-16 07:58:33,300 INFO [http-nio-auto-1-exec-1] o.s.w.s.DispatcherServlet [FrameworkServlet.java:547] Completed initialization in 14 ms
2020-09-16 07:58:33,537 INFO [http-nio-auto-1-exec-3] c.z.h.HikariDataSource [HikariDataSource.java:110] HikariPool-1 - Starting...
2020-09-16 07:58:33,698 INFO [http-nio-auto-1-exec-3] c.z.h.HikariDataSource [HikariDataSource.java:123] HikariPool-1 - Start completed.
2020-09-16 07:58:33,793 INFO [Test worker] o.s.b.t.c.SpringBootTestContextBootstrapper [AbstractTestContextBootstrapper.java:308] Neither @ContextConfiguration nor @ContextHierarchy found for test class [org.dell.kube.pagesapi.PageApiTest], using SpringBootContextLoader
2020-09-16 07:58:33,794 INFO [Test worker] o.s.t.c.s.AbstractContextLoader [AbstractContextLoader.java:264] Could not detect default resource locations for test class [org.dell.kube.pagesapi.PageApiTest]: no resource found for suffixes {-context.xml, Context.groovy}.
2020-09-16 07:58:33,798 INFO [Test worker] o.s.b.t.c.SpringBootTestContextBootstrapper [AbstractTestContextBootstrapper.java:248] Loaded default TestExecutionListener class names from location [META-INF/spring.factories]: [org.springframework.boot.test.autoconfigure.restdocs.RestDocsTestExecutionListener, org.springframework.boot.test.autoconfigure.web.client.MockRestServiceServerResetTestExecutionListener, org.springframework.boot.test.autoconfigure.web.servlet.MockMvcPrintOnlyOnFailureTestExecutionListener, org.springframework.boot.test.autoconfigure.web.servlet.WebDriverTestExecutionListener, org.springframework.boot.test.autoconfigure.webservices.client.MockWebServiceServerTestExecutionListener, org.springframework.boot.test.mock.mockito.MockitoTestExecutionListener, org.springframework.boot.test.mock.mockito.ResetMocksTestExecutionListener, org.springframework.test.context.web.ServletTestExecutionListener, org.springframework.test.context.support.DirtiesContextBeforeModesTestExecutionListener, org.springframework.test.context.support.DependencyInjectionTestExecutionListener, org.springframework.test.context.support.DirtiesContextTestExecutionListener, org.springframework.test.context.transaction.TransactionalTestExecutionListener, org.springframework.test.context.jdbc.SqlScriptsTestExecutionListener, org.springframework.test.context.event.EventPublishingTestExecutionListener]
2020-09-16 07:58:33,799 INFO [Test worker] o.s.b.t.c.SpringBootTestContextBootstrapper [AbstractTestContextBootstrapper.java:177] Using TestExecutionListeners: [org.springframework.test.context.web.ServletTestExecutionListener@21fe49ae, org.springframework.test.context.support.DirtiesContextBeforeModesTestExecutionListener@6a6b0c90, org.springframework.boot.test.mock.mockito.MockitoTestExecutionListener@4f149054, org.springframework.boot.test.autoconfigure.SpringBootDependencyInjectionTestExecutionListener@780c2695, org.springframework.test.context.support.DirtiesContextTestExecutionListener@2becb303, org.springframework.test.context.transaction.TransactionalTestExecutionListener@19d12562, org.springframework.test.context.jdbc.SqlScriptsTestExecutionListener@72ac903c, org.springframework.test.context.event.EventPublishingTestExecutionListener@6b0d2872, org.springframework.boot.test.autoconfigure.restdocs.RestDocsTestExecutionListener@25b7eabb, org.springframework.boot.test.autoconfigure.web.client.MockRestServiceServerResetTestExecutionListener@355d215a, org.springframework.boot.test.autoconfigure.web.servlet.MockMvcPrintOnlyOnFailureTestExecutionListener@23667abd, org.springframework.boot.test.autoconfigure.web.servlet.WebDriverTestExecutionListener@21aa881b, org.springframework.boot.test.autoconfigure.webservices.client.MockWebServiceServerTestExecutionListener@3bd24ca7, org.springframework.boot.test.mock.mockito.ResetMocksTestExecutionListener@6759ed76]
2020-09-16 07:58:34,067 INFO [http-nio-auto-1-exec-7] o.d.k.p.PageController [PageController.java:27] READ-INFO:Fetching page with id = 1
2020-09-16 07:58:34,184 INFO [http-nio-auto-1-exec-10] o.d.k.p.PageController [PageController.java:27] READ-INFO:Fetching page with id = 1
2020-09-16 07:58:34,186 ERROR [http-nio-auto-1-exec-10] o.d.k.p.PageController [PageController.java:34] READ-ERROR:Could not find page with id = 1
2020-09-16 07:58:34,252 INFO [Test worker] o.s.b.t.c.SpringBootTestContextBootstrapper [AbstractTestContextBootstrapper.java:308] Neither @ContextConfiguration nor @ContextHierarchy found for test class [org.dell.kube.pages.MySqlPageRepositoryTest], using SpringBootContextLoader
2020-09-16 07:58:34,253 INFO [Test worker] o.s.t.c.s.AbstractContextLoader [AbstractContextLoader.java:264] Could not detect default resource locations for test class [org.dell.kube.pages.MySqlPageRepositoryTest]: no resource found for suffixes {-context.xml, Context.groovy}.
2020-09-16 07:58:34,254 INFO [Test worker] o.s.t.c.s.AnnotationConfigContextLoaderUtils [AnnotationConfigContextLoaderUtils.java:83] Could not detect default configuration classes for test class [org.dell.kube.pages.MySqlPageRepositoryTest]: MySqlPageRepositoryTest does not declare any static, non-private, non-final, nested classes annotated with @Configuration.
2020-09-16 07:58:34,259 INFO [Test worker] o.s.b.t.c.SpringBootTestContextBootstrapper [SpringBootTestContextBootstrapper.java:237] Found @SpringBootConfiguration org.dell.kube.pages.PageApplication for test class org.dell.kube.pages.MySqlPageRepositoryTest
2020-09-16 07:58:34,262 INFO [Test worker] o.s.b.t.c.SpringBootTestContextBootstrapper [AbstractTestContextBootstrapper.java:248] Loaded default TestExecutionListener class names from location [META-INF/spring.factories]: [org.springframework.boot.test.autoconfigure.restdocs.RestDocsTestExecutionListener, org.springframework.boot.test.autoconfigure.web.client.MockRestServiceServerResetTestExecutionListener, org.springframework.boot.test.autoconfigure.web.servlet.MockMvcPrintOnlyOnFailureTestExecutionListener, org.springframework.boot.test.autoconfigure.web.servlet.WebDriverTestExecutionListener, org.springframework.boot.test.autoconfigure.webservices.client.MockWebServiceServerTestExecutionListener, org.springframework.boot.test.mock.mockito.MockitoTestExecutionListener, org.springframework.boot.test.mock.mockito.ResetMocksTestExecutionListener, org.springframework.test.context.web.ServletTestExecutionListener, org.springframework.test.context.support.DirtiesContextBeforeModesTestExecutionListener, org.springframework.test.context.support.DependencyInjectionTestExecutionListener, org.springframework.test.context.support.DirtiesContextTestExecutionListener, org.springframework.test.context.transaction.TransactionalTestExecutionListener, org.springframework.test.context.jdbc.SqlScriptsTestExecutionListener, org.springframework.test.context.event.EventPublishingTestExecutionListener]
2020-09-16 07:58:34,267 INFO [Test worker] o.s.b.t.c.SpringBootTestContextBootstrapper [AbstractTestContextBootstrapper.java:177] Using TestExecutionListeners: [org.springframework.test.context.web.ServletTestExecutionListener@2c58b46f, org.springframework.test.context.support.DirtiesContextBeforeModesTestExecutionListener@14d28c55, org.springframework.boot.test.mock.mockito.MockitoTestExecutionListener@3d8287e5, org.springframework.boot.test.autoconfigure.SpringBootDependencyInjectionTestExecutionListener@3985f203, org.springframework.test.context.support.DirtiesContextTestExecutionListener@5097c290, org.springframework.test.context.transaction.TransactionalTestExecutionListener@50a74cf3, org.springframework.test.context.jdbc.SqlScriptsTestExecutionListener@79b354ad, org.springframework.test.context.event.EventPublishingTestExecutionListener@6fb0b472, org.springframework.boot.test.autoconfigure.restdocs.RestDocsTestExecutionListener@15d6856, org.springframework.boot.test.autoconfigure.web.client.MockRestServiceServerResetTestExecutionListener@6bf76c5a, org.springframework.boot.test.autoconfigure.web.servlet.MockMvcPrintOnlyOnFailureTestExecutionListener@8825bb5, org.springframework.boot.test.autoconfigure.web.servlet.WebDriverTestExecutionListener@62fb7df3, org.springframework.boot.test.autoconfigure.webservices.client.MockWebServiceServerTestExecutionListener@88ea622, org.springframework.boot.test.mock.mockito.ResetMocksTestExecutionListener@584b9ed5]
2020-09-16 07:58:34,294 INFO [Test worker] o.d.k.p.MySqlPageRepositoryTest [StartupInfoLogger.java:55] Starting MySqlPageRepositoryTest on lin01 with PID 3518 (started by student in /home/student/workspace/pages)
2020-09-16 07:58:34,295 INFO [Test worker] o.d.k.p.MySqlPageRepositoryTest [SpringApplication.java:651] No active profile set, falling back to default profiles: default
2020-09-16 07:58:35,187 INFO [Test worker] o.s.s.c.ThreadPoolTaskExecutor [ExecutorConfigurationSupport.java:181] Initializing ExecutorService 'applicationTaskExecutor'
2020-09-16 07:58:35,507 INFO [Test worker] o.s.b.a.e.w.EndpointLinksResolver [EndpointLinksResolver.java:58] Exposing 2 endpoint(s) beneath base path '/actuator'
2020-09-16 07:58:35,558 INFO [Test worker] o.d.k.p.MySqlPageRepositoryTest [StartupInfoLogger.java:61] Started MySqlPageRepositoryTest in 1.284 seconds (JVM running for 7.523)
2020-09-16 07:58:35,572 INFO [Test worker] c.z.h.HikariDataSource [HikariDataSource.java:110] HikariPool-2 - Starting...
2020-09-16 07:58:35,577 INFO [Test worker] c.z.h.HikariDataSource [HikariDataSource.java:123] HikariPool-2 - Start completed.
2020-09-16 07:58:35,867 INFO [Test worker] o.d.k.p.PageController [PageController.java:27] READ-INFO:Fetching page with id = 1
2020-09-16 07:58:35,870 INFO [Test worker] o.d.k.p.PageController [PageController.java:27] READ-INFO:Fetching page with id = 1
2020-09-16 07:58:35,871 ERROR [Test worker] o.d.k.p.PageController [PageController.java:34] READ-ERROR:Could not find page with id = 1
2020-09-16 07:58:35,911 INFO [SpringContextShutdownHook] o.s.s.c.ThreadPoolTaskExecutor [ExecutorConfigurationSupport.java:218] Shutting down ExecutorService 'applicationTaskExecutor'
2020-09-16 07:58:35,921 INFO [SpringContextShutdownHook] c.z.h.HikariDataSource [HikariDataSource.java:350] HikariPool-2 - Shutdown initiated...
2020-09-16 07:58:35,946 INFO [SpringContextShutdownHook] c.z.h.HikariDataSource [HikariDataSource.java:352] HikariPool-2 - Shutdown completed.
2020-09-16 07:58:35,991 INFO [SpringContextShutdownHook] o.s.s.c.ThreadPoolTaskExecutor [ExecutorConfigurationSupport.java:218] Shutting down ExecutorService 'applicationTaskExecutor'
2020-09-16 07:58:35,992 INFO [SpringContextShutdownHook] c.z.h.HikariDataSource [HikariDataSource.java:350] HikariPool-1 - Shutdown initiated...
2020-09-16 07:58:36,002 INFO [SpringContextShutdownHook] c.z.h.HikariDataSource [HikariDataSource.java:352] HikariPool-1 - Shutdown completed.
